{"numFailedTestSuites":1,"numFailedTests":3,"numPassedTestSuites":0,"numPassedTests":0,"numPendingTestSuites":0,"numPendingTests":0,"numRuntimeErrorTestSuites":0,"numTodoTests":0,"numTotalTestSuites":1,"numTotalTests":3,"openHandles":[],"snapshot":{"added":0,"didUpdate":false,"failure":false,"filesAdded":0,"filesRemoved":0,"filesRemovedList":[],"filesUnmatched":0,"filesUpdated":0,"matched":0,"total":0,"unchecked":0,"uncheckedKeysByFile":[],"unmatched":0,"updated":0},"startTime":1765843691193,"success":false,"testResults":[{"assertionResults":[{"ancestorTitles":["Kill Switch Functionality"],"duration":68,"failing":false,"failureDetails":[{"name":"PrismaClientKnownRequestError","code":"P2021","clientVersion":"5.22.0","meta":{"modelName":"AuditLog","table":"audit_logs"}}],"failureMessages":["PrismaClientKnownRequestError: \nInvalid `prisma.auditLog.create()` invocation in\nD:\\PROJECT IOT\\Automation Smart Lighting System\\smart-billiard-main\\achiera-web\\src\\lib\\hardening\\kill-switch.ts:76:27\n\n  73 });\n  74 \n  75 // Audit log\n→ 76 await prisma.auditLog.create(\nThe table `audit_logs` does not exist in the current database.\n    at $n.handleRequestError (D:\\PROJECT IOT\\Automation Smart Lighting System\\smart-billiard-main\\achiera-web\\node_modules\\@prisma\\client\\runtime\\library.js:121:7315)\n    at $n.handleAndLogRequestError (D:\\PROJECT IOT\\Automation Smart Lighting System\\smart-billiard-main\\achiera-web\\node_modules\\@prisma\\client\\runtime\\library.js:121:6623)\n    at $n.request (D:\\PROJECT IOT\\Automation Smart Lighting System\\smart-billiard-main\\achiera-web\\node_modules\\@prisma\\client\\runtime\\library.js:121:6307)\n    at l (D:\\PROJECT IOT\\Automation Smart Lighting System\\smart-billiard-main\\achiera-web\\node_modules\\@prisma\\client\\runtime\\library.js:130:9633)\n    at activateKillSwitch (D:\\PROJECT IOT\\Automation Smart Lighting System\\smart-billiard-main\\achiera-web\\src\\lib\\hardening\\kill-switch.ts:76:5)\n    at Object.<anonymous> (D:\\PROJECT IOT\\Automation Smart Lighting System\\smart-billiard-main\\achiera-web\\src\\lib\\hardening\\tests\\kill-switch.test.ts:61:9)"],"fullName":"Kill Switch Functionality should activate and deactivate kill switch","invocations":1,"location":null,"numPassingAsserts":0,"retryReasons":[],"startAt":1765843692226,"status":"failed","title":"should activate and deactivate kill switch"},{"ancestorTitles":["Kill Switch Functionality"],"duration":41,"failing":false,"failureDetails":[{"name":"PrismaClientKnownRequestError","code":"P2021","clientVersion":"5.22.0","meta":{"modelName":"AuditLog","table":"audit_logs"}}],"failureMessages":["PrismaClientKnownRequestError: \nInvalid `prisma.auditLog.create()` invocation in\nD:\\PROJECT IOT\\Automation Smart Lighting System\\smart-billiard-main\\achiera-web\\src\\lib\\hardening\\kill-switch.ts:76:27\n\n  73 });\n  74 \n  75 // Audit log\n→ 76 await prisma.auditLog.create(\nThe table `audit_logs` does not exist in the current database.\n    at $n.handleRequestError (D:\\PROJECT IOT\\Automation Smart Lighting System\\smart-billiard-main\\achiera-web\\node_modules\\@prisma\\client\\runtime\\library.js:121:7315)\n    at $n.handleAndLogRequestError (D:\\PROJECT IOT\\Automation Smart Lighting System\\smart-billiard-main\\achiera-web\\node_modules\\@prisma\\client\\runtime\\library.js:121:6623)\n    at $n.request (D:\\PROJECT IOT\\Automation Smart Lighting System\\smart-billiard-main\\achiera-web\\node_modules\\@prisma\\client\\runtime\\library.js:121:6307)\n    at l (D:\\PROJECT IOT\\Automation Smart Lighting System\\smart-billiard-main\\achiera-web\\node_modules\\@prisma\\client\\runtime\\library.js:130:9633)\n    at activateKillSwitch (D:\\PROJECT IOT\\Automation Smart Lighting System\\smart-billiard-main\\achiera-web\\src\\lib\\hardening\\kill-switch.ts:76:5)\n    at Object.<anonymous> (D:\\PROJECT IOT\\Automation Smart Lighting System\\smart-billiard-main\\achiera-web\\src\\lib\\hardening\\tests\\kill-switch.test.ts:96:9)"],"fullName":"Kill Switch Functionality should handle brand-specific freeze","invocations":1,"location":null,"numPassingAsserts":0,"retryReasons":[],"startAt":1765843692298,"status":"failed","title":"should handle brand-specific freeze"},{"ancestorTitles":["Kill Switch Functionality"],"duration":22,"failing":false,"failureDetails":[{"name":"PrismaClientKnownRequestError","code":"P2021","clientVersion":"5.22.0","meta":{"modelName":"AuditLog","table":"audit_logs"}}],"failureMessages":["PrismaClientKnownRequestError: \nInvalid `prisma.auditLog.create()` invocation in\nD:\\PROJECT IOT\\Automation Smart Lighting System\\smart-billiard-main\\achiera-web\\src\\lib\\hardening\\kill-switch.ts:76:27\n\n  73 });\n  74 \n  75 // Audit log\n→ 76 await prisma.auditLog.create(\nThe table `audit_logs` does not exist in the current database.\n    at $n.handleRequestError (D:\\PROJECT IOT\\Automation Smart Lighting System\\smart-billiard-main\\achiera-web\\node_modules\\@prisma\\client\\runtime\\library.js:121:7315)\n    at $n.handleAndLogRequestError (D:\\PROJECT IOT\\Automation Smart Lighting System\\smart-billiard-main\\achiera-web\\node_modules\\@prisma\\client\\runtime\\library.js:121:6623)\n    at $n.request (D:\\PROJECT IOT\\Automation Smart Lighting System\\smart-billiard-main\\achiera-web\\node_modules\\@prisma\\client\\runtime\\library.js:121:6307)\n    at l (D:\\PROJECT IOT\\Automation Smart Lighting System\\smart-billiard-main\\achiera-web\\node_modules\\@prisma\\client\\runtime\\library.js:130:9633)\n    at activateKillSwitch (D:\\PROJECT IOT\\Automation Smart Lighting System\\smart-billiard-main\\achiera-web\\src\\lib\\hardening\\kill-switch.ts:76:5)\n    at Object.<anonymous> (D:\\PROJECT IOT\\Automation Smart Lighting System\\smart-billiard-main\\achiera-web\\src\\lib\\hardening\\tests\\kill-switch.test.ts:121:9)"],"fullName":"Kill Switch Functionality should handle auto-expiry","invocations":1,"location":null,"numPassingAsserts":0,"retryReasons":[],"startAt":1765843692340,"status":"failed","title":"should handle auto-expiry"}],"endTime":1765843692409,"message":"\u001b[1m\u001b[31m  \u001b[1m● \u001b[22m\u001b[1mKill Switch Functionality › should activate and deactivate kill switch\u001b[39m\u001b[22m\n\n    PrismaClientKnownRequestError: \n    Invalid `prisma.auditLog.create()` invocation in\n    D:\\PROJECT IOT\\Automation Smart Lighting System\\smart-billiard-main\\achiera-web\\src\\lib\\hardening\\kill-switch.ts:76:27\n\n      73 });\n      74 \n      75 // Audit log\n    → 76 await prisma.auditLog.create(\n    The table `audit_logs` does not exist in the current database.\n\u001b[2m\u001b[22m\n\u001b[2m    \u001b[0m \u001b[90m 74 |\u001b[39m\u001b[22m\n\u001b[2m     \u001b[90m 75 |\u001b[39m     \u001b[90m// Audit log\u001b[39m\u001b[22m\n\u001b[2m    \u001b[31m\u001b[1m>\u001b[22m\u001b[2m\u001b[39m\u001b[90m 76 |\u001b[39m     \u001b[36mawait\u001b[39m prisma\u001b[33m.\u001b[39mauditLog\u001b[33m.\u001b[39mcreate({\u001b[22m\n\u001b[2m     \u001b[90m    |\u001b[39m     \u001b[31m\u001b[1m^\u001b[22m\u001b[2m\u001b[39m\u001b[22m\n\u001b[2m     \u001b[90m 77 |\u001b[39m         data\u001b[33m:\u001b[39m {\u001b[22m\n\u001b[2m     \u001b[90m 78 |\u001b[39m             userId\u001b[33m:\u001b[39m context\u001b[33m.\u001b[39muserId\u001b[33m,\u001b[39m\u001b[22m\n\u001b[2m     \u001b[90m 79 |\u001b[39m             brandId\u001b[33m,\u001b[39m\u001b[0m\u001b[22m\n\u001b[2m\u001b[22m\n\u001b[2m      \u001b[2mat $n.handleRequestError (\u001b[22m\u001b[2mnode_modules/@prisma/client/runtime/library.js\u001b[2m:121:7315)\u001b[22m\u001b[2m\u001b[22m\n\u001b[2m      \u001b[2mat $n.handleAndLogRequestError (\u001b[22m\u001b[2mnode_modules/@prisma/client/runtime/library.js\u001b[2m:121:6623)\u001b[22m\u001b[2m\u001b[22m\n\u001b[2m      \u001b[2mat $n.request (\u001b[22m\u001b[2mnode_modules/@prisma/client/runtime/library.js\u001b[2m:121:6307)\u001b[22m\u001b[2m\u001b[22m\n\u001b[2m      \u001b[2mat l (\u001b[22m\u001b[2mnode_modules/@prisma/client/runtime/library.js\u001b[2m:130:9633)\u001b[22m\u001b[2m\u001b[22m\n\u001b[2m      \u001b[2mat activateKillSwitch (\u001b[22m\u001b[2msrc/lib/hardening/kill-switch.ts\u001b[2m:76:5)\u001b[22m\u001b[2m\u001b[22m\n\u001b[2m      \u001b[2mat Object.<anonymous> (\u001b[22m\u001b[2m\u001b[0m\u001b[36msrc/lib/hardening/tests/kill-switch.test.ts\u001b[39m\u001b[0m\u001b[2m:61:9)\u001b[22m\u001b[2m\u001b[22m\n\n\u001b[1m\u001b[31m  \u001b[1m● \u001b[22m\u001b[1mKill Switch Functionality › should handle brand-specific freeze\u001b[39m\u001b[22m\n\n    PrismaClientKnownRequestError: \n    Invalid `prisma.auditLog.create()` invocation in\n    D:\\PROJECT IOT\\Automation Smart Lighting System\\smart-billiard-main\\achiera-web\\src\\lib\\hardening\\kill-switch.ts:76:27\n\n      73 });\n      74 \n      75 // Audit log\n    → 76 await prisma.auditLog.create(\n    The table `audit_logs` does not exist in the current database.\n\u001b[2m\u001b[22m\n\u001b[2m    \u001b[0m \u001b[90m 74 |\u001b[39m\u001b[22m\n\u001b[2m     \u001b[90m 75 |\u001b[39m     \u001b[90m// Audit log\u001b[39m\u001b[22m\n\u001b[2m    \u001b[31m\u001b[1m>\u001b[22m\u001b[2m\u001b[39m\u001b[90m 76 |\u001b[39m     \u001b[36mawait\u001b[39m prisma\u001b[33m.\u001b[39mauditLog\u001b[33m.\u001b[39mcreate({\u001b[22m\n\u001b[2m     \u001b[90m    |\u001b[39m     \u001b[31m\u001b[1m^\u001b[22m\u001b[2m\u001b[39m\u001b[22m\n\u001b[2m     \u001b[90m 77 |\u001b[39m         data\u001b[33m:\u001b[39m {\u001b[22m\n\u001b[2m     \u001b[90m 78 |\u001b[39m             userId\u001b[33m:\u001b[39m context\u001b[33m.\u001b[39muserId\u001b[33m,\u001b[39m\u001b[22m\n\u001b[2m     \u001b[90m 79 |\u001b[39m             brandId\u001b[33m,\u001b[39m\u001b[0m\u001b[22m\n\u001b[2m\u001b[22m\n\u001b[2m      \u001b[2mat $n.handleRequestError (\u001b[22m\u001b[2mnode_modules/@prisma/client/runtime/library.js\u001b[2m:121:7315)\u001b[22m\u001b[2m\u001b[22m\n\u001b[2m      \u001b[2mat $n.handleAndLogRequestError (\u001b[22m\u001b[2mnode_modules/@prisma/client/runtime/library.js\u001b[2m:121:6623)\u001b[22m\u001b[2m\u001b[22m\n\u001b[2m      \u001b[2mat $n.request (\u001b[22m\u001b[2mnode_modules/@prisma/client/runtime/library.js\u001b[2m:121:6307)\u001b[22m\u001b[2m\u001b[22m\n\u001b[2m      \u001b[2mat l (\u001b[22m\u001b[2mnode_modules/@prisma/client/runtime/library.js\u001b[2m:130:9633)\u001b[22m\u001b[2m\u001b[22m\n\u001b[2m      \u001b[2mat activateKillSwitch (\u001b[22m\u001b[2msrc/lib/hardening/kill-switch.ts\u001b[2m:76:5)\u001b[22m\u001b[2m\u001b[22m\n\u001b[2m      \u001b[2mat Object.<anonymous> (\u001b[22m\u001b[2m\u001b[0m\u001b[36msrc/lib/hardening/tests/kill-switch.test.ts\u001b[39m\u001b[0m\u001b[2m:96:9)\u001b[22m\u001b[2m\u001b[22m\n\n\u001b[1m\u001b[31m  \u001b[1m● \u001b[22m\u001b[1mKill Switch Functionality › should handle auto-expiry\u001b[39m\u001b[22m\n\n    PrismaClientKnownRequestError: \n    Invalid `prisma.auditLog.create()` invocation in\n    D:\\PROJECT IOT\\Automation Smart Lighting System\\smart-billiard-main\\achiera-web\\src\\lib\\hardening\\kill-switch.ts:76:27\n\n      73 });\n      74 \n      75 // Audit log\n    → 76 await prisma.auditLog.create(\n    The table `audit_logs` does not exist in the current database.\n\u001b[2m\u001b[22m\n\u001b[2m    \u001b[0m \u001b[90m 74 |\u001b[39m\u001b[22m\n\u001b[2m     \u001b[90m 75 |\u001b[39m     \u001b[90m// Audit log\u001b[39m\u001b[22m\n\u001b[2m    \u001b[31m\u001b[1m>\u001b[22m\u001b[2m\u001b[39m\u001b[90m 76 |\u001b[39m     \u001b[36mawait\u001b[39m prisma\u001b[33m.\u001b[39mauditLog\u001b[33m.\u001b[39mcreate({\u001b[22m\n\u001b[2m     \u001b[90m    |\u001b[39m     \u001b[31m\u001b[1m^\u001b[22m\u001b[2m\u001b[39m\u001b[22m\n\u001b[2m     \u001b[90m 77 |\u001b[39m         data\u001b[33m:\u001b[39m {\u001b[22m\n\u001b[2m     \u001b[90m 78 |\u001b[39m             userId\u001b[33m:\u001b[39m context\u001b[33m.\u001b[39muserId\u001b[33m,\u001b[39m\u001b[22m\n\u001b[2m     \u001b[90m 79 |\u001b[39m             brandId\u001b[33m,\u001b[39m\u001b[0m\u001b[22m\n\u001b[2m\u001b[22m\n\u001b[2m      \u001b[2mat $n.handleRequestError (\u001b[22m\u001b[2mnode_modules/@prisma/client/runtime/library.js\u001b[2m:121:7315)\u001b[22m\u001b[2m\u001b[22m\n\u001b[2m      \u001b[2mat $n.handleAndLogRequestError (\u001b[22m\u001b[2mnode_modules/@prisma/client/runtime/library.js\u001b[2m:121:6623)\u001b[22m\u001b[2m\u001b[22m\n\u001b[2m      \u001b[2mat $n.request (\u001b[22m\u001b[2mnode_modules/@prisma/client/runtime/library.js\u001b[2m:121:6307)\u001b[22m\u001b[2m\u001b[22m\n\u001b[2m      \u001b[2mat l (\u001b[22m\u001b[2mnode_modules/@prisma/client/runtime/library.js\u001b[2m:130:9633)\u001b[22m\u001b[2m\u001b[22m\n\u001b[2m      \u001b[2mat activateKillSwitch (\u001b[22m\u001b[2msrc/lib/hardening/kill-switch.ts\u001b[2m:76:5)\u001b[22m\u001b[2m\u001b[22m\n\u001b[2m      \u001b[2mat Object.<anonymous> (\u001b[22m\u001b[2m\u001b[0m\u001b[36msrc/lib/hardening/tests/kill-switch.test.ts\u001b[39m\u001b[0m\u001b[2m:121:9)\u001b[22m\u001b[2m\u001b[22m\n","name":"D:\\PROJECT IOT\\Automation Smart Lighting System\\smart-billiard-main\\achiera-web\\src\\lib\\hardening\\tests\\kill-switch.test.ts","startTime":1765843691332,"status":"failed","summary":""}],"wasInterrupted":false}
